<?xml version="1.0" encoding="UTF-8"?>
<!-- Generated by org.testng.reporters.JUnitXMLReporter -->
<testsuite ignored="1" hostname="DESKTOP-IP6CAI0" failures="1" tests="3" name="Test" time="113.932" errors="0" timestamp="2022-08-29T15:00:30 IST">
  <testcase classname="com.tookan.testcases.Login_Createtask" name="VerifyLogin" time="0.604"/>
  <testcase classname="com.tookan.testcases.Login_Createtask" name="verifycreatetask" time="32.773"/>
  <testcase classname="com.tookan.testcases.Add_Agent" name="verifyaddagent" time="18.241">
    <failure type="org.openqa.selenium.ElementClickInterceptedException" message="element click intercepted: Element &amp;lt;span id=&amp;quot;opne_new_task_span&amp;quot; class=&amp;quot;task-arrow-web ng-binding&amp;quot;&amp;gt;...&amp;lt;/span&amp;gt; is not clickable at point (1284, 27). Other element would receive the click: &amp;lt;div id=&amp;quot;global_loader&amp;quot; class=&amp;quot;glb-ldr-prt&amp;quot; style=&amp;quot;display: block;&amp;quot;&amp;gt;...&amp;lt;/div&amp;gt;
  (Session info: chrome=104.0.5112.102)
Build info: version: &amp;apos;4.1.1&amp;apos;, revision: &amp;apos;e8fcc2cecf&amp;apos;
System info: host: &amp;apos;DESKTOP-IP6CAI0&amp;apos;, ip: &amp;apos;192.168.18.3&amp;apos;, os.name: &amp;apos;Windows 11&amp;apos;, os.arch: &amp;apos;amd64&amp;apos;, os.version: &amp;apos;10.0&amp;apos;, java.version: &amp;apos;17.0.3&amp;apos;
Driver info: org.openqa.selenium.chrome.ChromeDriver
Command: [1100bae55b21ef6922c72708d35d175d, clickElement {id=62a58fe1-269e-4c97-a632-b6726bec9e72}]
Capabilities {acceptInsecureCerts: false, browserName: chrome, browserVersion: 104.0.5112.102, chrome: {chromedriverVersion: 104.0.5112.79 (3cf3e8c8a07d..., userDataDir: C:\Users\DELL\AppData\Local...}, goog:chromeOptions: {debuggerAddress: localhost:51224}, javascriptEnabled: true, networkConnectionEnabled: false, pageLoadStrategy: normal, platform: WINDOWS, platformName: WINDOWS, proxy: Proxy(), se:cdp: ws://localhost:51224/devtoo..., se:cdpVersion: 104.0.5112.102, setWindowRect: true, strictFileInteractability: false, timeouts: {implicit: 0, pageLoad: 300000, script: 30000}, unhandledPromptBehavior: dismiss and notify, webauthn:extension:credBlob: true, webauthn:extension:largeBlob: true, webauthn:virtualAuthenticators: true}
Element: [[ChromeDriver: chrome on WINDOWS (1100bae55b21ef6922c72708d35d175d)] -&amp;gt; xpath: //div[@id=&amp;apos;add-driver-btn&amp;apos;]//span[1]]
Session ID: 1100bae55b21ef6922c72708d35d175d">
      <![CDATA[org.openqa.selenium.ElementClickInterceptedException: element click intercepted: Element <span id="opne_new_task_span" class="task-arrow-web ng-binding">...</span> is not clickable at point (1284, 27). Other element would receive the click: <div id="global_loader" class="glb-ldr-prt" style="display: block;">...</div>
  (Session info: chrome=104.0.5112.102)
Build info: version: '4.1.1', revision: 'e8fcc2cecf'
System info: host: 'DESKTOP-IP6CAI0', ip: '192.168.18.3', os.name: 'Windows 11', os.arch: 'amd64', os.version: '10.0', java.version: '17.0.3'
Driver info: org.openqa.selenium.chrome.ChromeDriver
Command: [1100bae55b21ef6922c72708d35d175d, clickElement {id=62a58fe1-269e-4c97-a632-b6726bec9e72}]
Capabilities {acceptInsecureCerts: false, browserName: chrome, browserVersion: 104.0.5112.102, chrome: {chromedriverVersion: 104.0.5112.79 (3cf3e8c8a07d..., userDataDir: C:\Users\DELL\AppData\Local...}, goog:chromeOptions: {debuggerAddress: localhost:51224}, javascriptEnabled: true, networkConnectionEnabled: false, pageLoadStrategy: normal, platform: WINDOWS, platformName: WINDOWS, proxy: Proxy(), se:cdp: ws://localhost:51224/devtoo..., se:cdpVersion: 104.0.5112.102, setWindowRect: true, strictFileInteractability: false, timeouts: {implicit: 0, pageLoad: 300000, script: 30000}, unhandledPromptBehavior: dismiss and notify, webauthn:extension:credBlob: true, webauthn:extension:largeBlob: true, webauthn:virtualAuthenticators: true}
Element: [[ChromeDriver: chrome on WINDOWS (1100bae55b21ef6922c72708d35d175d)] -> xpath: //div[@id='add-driver-btn']//span[1]]
Session ID: 1100bae55b21ef6922c72708d35d175d
at org.openqa.selenium.remote.codec.w3c.W3CHttpResponseCodec.createException(W3CHttpResponseCodec.java:200)
at org.openqa.selenium.remote.codec.w3c.W3CHttpResponseCodec.decode(W3CHttpResponseCodec.java:133)
at org.openqa.selenium.remote.codec.w3c.W3CHttpResponseCodec.decode(W3CHttpResponseCodec.java:53)
at org.openqa.selenium.remote.HttpCommandExecutor.execute(HttpCommandExecutor.java:184)
at org.openqa.selenium.remote.service.DriverCommandExecutor.invokeExecute(DriverCommandExecutor.java:167)
at org.openqa.selenium.remote.service.DriverCommandExecutor.execute(DriverCommandExecutor.java:142)
at org.openqa.selenium.remote.RemoteWebDriver.execute(RemoteWebDriver.java:543)
at org.openqa.selenium.remote.RemoteWebElement.execute(RemoteWebElement.java:251)
at org.openqa.selenium.remote.RemoteWebElement.click(RemoteWebElement.java:77)
at org.openqa.selenium.support.pagefactory.internal.LocatingElementHandler.invoke(LocatingElementHandler.java:52)
at jdk.proxy2/jdk.proxy2.$Proxy31.click(Unknown Source)
at com.tookan.pageobject.Add_agent_manager.clickonaddagent(Add_agent_manager.java:85)
at com.tookan.testcases.Add_Agent.verifyaddagent(Add_Agent.java:35)
at java.base/java.util.ArrayList.forEach(ArrayList.java:1511)
... Removed 35 stack frames]]>
    </failure>
  </testcase> <!-- verifyaddagent -->
  <testcase classname="com.tookan.testcases.Add_Agent" name="verifyaddmanager" time="0.0">
    <ignored/>
  </testcase> <!-- verifyaddmanager -->
</testsuite> <!-- Test -->
